[23:41:41] [ERROR] [FabricLoader/]: Uncaught exception in thread "main"
java.lang.RuntimeException: An exception occurred when launching the server!
	at net.fabricmc.loader.impl.launch.server.FabricServerLauncher.main(FabricServerLauncher.java:68)
	at net.fabricmc.installer.ServerLauncher.main(ServerLauncher.java:64)
Caused by: java.lang.reflect.InvocationTargetException
	at java.base/jdk.internal.reflect.NativeMethodAccessorImpl.invoke0(Native Method)
	at java.base/jdk.internal.reflect.NativeMethodAccessorImpl.invoke(NativeMethodAccessorImpl.java:78)
	at java.base/jdk.internal.reflect.DelegatingMethodAccessorImpl.invoke(DelegatingMethodAccessorImpl.java:43)
	at java.base/java.lang.reflect.Method.invoke(Method.java:567)
	at net.fabricmc.loader.impl.launch.server.FabricServerLauncher.main(FabricServerLauncher.java:66)
	... 1 more
Caused by: java.lang.RuntimeException: Error invoking MC server bundler: java.lang.UnsupportedClassVersionError: net/minecraft/bundler/Main has been compiled by a more recent version of the Java Runtime (class file version 61.0), this version of the Java Runtime only recognizes class file versions up to 60.0
	at net.fabricmc.loader.impl.game.minecraft.MinecraftGameProvider.processBundlerJar(MinecraftGameProvider.java:321)
	at net.fabricmc.loader.impl.game.minecraft.MinecraftGameProvider.locateGame(MinecraftGameProvider.java:206)
	at net.fabricmc.loader.impl.launch.knot.Knot.createGameProvider(Knot.java:172)
	at net.fabricmc.loader.impl.launch.knot.Knot.init(Knot.java:125)
	at net.fabricmc.loader.impl.launch.knot.Knot.launch(Knot.java:71)
	at net.fabricmc.loader.impl.launch.knot.KnotServer.main(KnotServer.java:23)
	... 6 more
Caused by: java.lang.UnsupportedClassVersionError: net/minecraft/bundler/Main has been compiled by a more recent version of the Java Runtime (class file version 61.0), this version of the Java Runtime only recognizes class file versions up to 60.0
	at java.base/java.lang.ClassLoader.defineClass1(Native Method)
	at java.base/java.lang.ClassLoader.defineClass(ClassLoader.java:1010)
	at java.base/java.lang.ClassLoader.defineClass(ClassLoader.java:872)
	at net.fabricmc.loader.impl.game.minecraft.MinecraftGameProvider$1.loadClass(MinecraftGameProvider.java:277)
	at java.base/java.lang.ClassLoader.loadClass(ClassLoader.java:519)
	at java.base/java.lang.Class.forName0(Native Method)
	at java.base/java.lang.Class.forName(Class.java:466)
	at net.fabricmc.loader.impl.game.minecraft.MinecraftGameProvider.processBundlerJar(MinecraftGameProvider.java:297)
	... 11 more
[23:41:49] [ERROR] [FabricLoader/]: Uncaught exception in thread "main"
java.lang.RuntimeException: An exception occurred when launching the server!
	at net.fabricmc.loader.impl.launch.server.FabricServerLauncher.main(FabricServerLauncher.java:68)
	at net.fabricmc.installer.ServerLauncher.main(ServerLauncher.java:64)
Caused by: java.lang.reflect.InvocationTargetException
	at java.base/jdk.internal.reflect.NativeMethodAccessorImpl.invoke0(Native Method)
	at java.base/jdk.internal.reflect.NativeMethodAccessorImpl.invoke(NativeMethodAccessorImpl.java:78)
	at java.base/jdk.internal.reflect.DelegatingMethodAccessorImpl.invoke(DelegatingMethodAccessorImpl.java:43)
	at java.base/java.lang.reflect.Method.invoke(Method.java:567)
	at net.fabricmc.loader.impl.launch.server.FabricServerLauncher.main(FabricServerLauncher.java:66)
	... 1 more
Caused by: java.lang.RuntimeException: Error invoking MC server bundler: java.lang.UnsupportedClassVersionError: net/minecraft/bundler/Main has been compiled by a more recent version of the Java Runtime (class file version 61.0), this version of the Java Runtime only recognizes class file versions up to 60.0
	at net.fabricmc.loader.impl.game.minecraft.MinecraftGameProvider.processBundlerJar(MinecraftGameProvider.java:321)
	at net.fabricmc.loader.impl.game.minecraft.MinecraftGameProvider.locateGame(MinecraftGameProvider.java:206)
	at net.fabricmc.loader.impl.launch.knot.Knot.createGameProvider(Knot.java:172)
	at net.fabricmc.loader.impl.launch.knot.Knot.init(Knot.java:125)
	at net.fabricmc.loader.impl.launch.knot.Knot.launch(Knot.java:71)
	at net.fabricmc.loader.impl.launch.knot.KnotServer.main(KnotServer.java:23)
	... 6 more
Caused by: java.lang.UnsupportedClassVersionError: net/minecraft/bundler/Main has been compiled by a more recent version of the Java Runtime (class file version 61.0), this version of the Java Runtime only recognizes class file versions up to 60.0
	at java.base/java.lang.ClassLoader.defineClass1(Native Method)
	at java.base/java.lang.ClassLoader.defineClass(ClassLoader.java:1010)
	at java.base/java.lang.ClassLoader.defineClass(ClassLoader.java:872)
	at net.fabricmc.loader.impl.game.minecraft.MinecraftGameProvider$1.loadClass(MinecraftGameProvider.java:277)
	at java.base/java.lang.ClassLoader.loadClass(ClassLoader.java:519)
	at java.base/java.lang.Class.forName0(Native Method)
	at java.base/java.lang.Class.forName(Class.java:466)
	at net.fabricmc.loader.impl.game.minecraft.MinecraftGameProvider.processBundlerJar(MinecraftGameProvider.java:297)
	... 11 more
[23:45:45] [ERROR] [FabricLoader/]: Uncaught exception in thread "main"
java.lang.RuntimeException: An exception occurred when launching the server!
	at net.fabricmc.loader.impl.launch.server.FabricServerLauncher.main(FabricServerLauncher.java:68)
	at net.fabricmc.installer.ServerLauncher.main(ServerLauncher.java:64)
Caused by: java.lang.reflect.InvocationTargetException
	at java.base/jdk.internal.reflect.NativeMethodAccessorImpl.invoke0(Native Method)
	at java.base/jdk.internal.reflect.NativeMethodAccessorImpl.invoke(NativeMethodAccessorImpl.java:78)
	at java.base/jdk.internal.reflect.DelegatingMethodAccessorImpl.invoke(DelegatingMethodAccessorImpl.java:43)
	at java.base/java.lang.reflect.Method.invoke(Method.java:567)
	at net.fabricmc.loader.impl.launch.server.FabricServerLauncher.main(FabricServerLauncher.java:66)
	... 1 more
Caused by: java.lang.RuntimeException: Error invoking MC server bundler: java.lang.UnsupportedClassVersionError: net/minecraft/bundler/Main has been compiled by a more recent version of the Java Runtime (class file version 61.0), this version of the Java Runtime only recognizes class file versions up to 60.0
	at net.fabricmc.loader.impl.game.minecraft.MinecraftGameProvider.processBundlerJar(MinecraftGameProvider.java:321)
	at net.fabricmc.loader.impl.game.minecraft.MinecraftGameProvider.locateGame(MinecraftGameProvider.java:206)
	at net.fabricmc.loader.impl.launch.knot.Knot.createGameProvider(Knot.java:172)
	at net.fabricmc.loader.impl.launch.knot.Knot.init(Knot.java:125)
	at net.fabricmc.loader.impl.launch.knot.Knot.launch(Knot.java:71)
	at net.fabricmc.loader.impl.launch.knot.KnotServer.main(KnotServer.java:23)
	... 6 more
Caused by: java.lang.UnsupportedClassVersionError: net/minecraft/bundler/Main has been compiled by a more recent version of the Java Runtime (class file version 61.0), this version of the Java Runtime only recognizes class file versions up to 60.0
	at java.base/java.lang.ClassLoader.defineClass1(Native Method)
	at java.base/java.lang.ClassLoader.defineClass(ClassLoader.java:1010)
	at java.base/java.lang.ClassLoader.defineClass(ClassLoader.java:872)
	at net.fabricmc.loader.impl.game.minecraft.MinecraftGameProvider$1.loadClass(MinecraftGameProvider.java:277)
	at java.base/java.lang.ClassLoader.loadClass(ClassLoader.java:519)
	at java.base/java.lang.Class.forName0(Native Method)
	at java.base/java.lang.Class.forName(Class.java:466)
	at net.fabricmc.loader.impl.game.minecraft.MinecraftGameProvider.processBundlerJar(MinecraftGameProvider.java:297)
	... 11 more
[23:58:56] [ERROR] [FabricLoader/]: Uncaught exception in thread "main"
java.lang.RuntimeException: An exception occurred when launching the server!
	at net.fabricmc.loader.impl.launch.server.FabricServerLauncher.main(FabricServerLauncher.java:68)
	at net.fabricmc.installer.ServerLauncher.main(ServerLauncher.java:64)
Caused by: java.lang.reflect.InvocationTargetException
	at java.base/jdk.internal.reflect.NativeMethodAccessorImpl.invoke0(Native Method)
	at java.base/jdk.internal.reflect.NativeMethodAccessorImpl.invoke(NativeMethodAccessorImpl.java:78)
	at java.base/jdk.internal.reflect.DelegatingMethodAccessorImpl.invoke(DelegatingMethodAccessorImpl.java:43)
	at java.base/java.lang.reflect.Method.invoke(Method.java:567)
	at net.fabricmc.loader.impl.launch.server.FabricServerLauncher.main(FabricServerLauncher.java:66)
	... 1 more
Caused by: java.lang.RuntimeException: Error invoking MC server bundler: java.lang.UnsupportedClassVersionError: net/minecraft/bundler/Main has been compiled by a more recent version of the Java Runtime (class file version 61.0), this version of the Java Runtime only recognizes class file versions up to 60.0
	at net.fabricmc.loader.impl.game.minecraft.MinecraftGameProvider.processBundlerJar(MinecraftGameProvider.java:321)
	at net.fabricmc.loader.impl.game.minecraft.MinecraftGameProvider.locateGame(MinecraftGameProvider.java:206)
	at net.fabricmc.loader.impl.launch.knot.Knot.createGameProvider(Knot.java:172)
	at net.fabricmc.loader.impl.launch.knot.Knot.init(Knot.java:125)
	at net.fabricmc.loader.impl.launch.knot.Knot.launch(Knot.java:71)
	at net.fabricmc.loader.impl.launch.knot.KnotServer.main(KnotServer.java:23)
	... 6 more
Caused by: java.lang.UnsupportedClassVersionError: net/minecraft/bundler/Main has been compiled by a more recent version of the Java Runtime (class file version 61.0), this version of the Java Runtime only recognizes class file versions up to 60.0
	at java.base/java.lang.ClassLoader.defineClass1(Native Method)
	at java.base/java.lang.ClassLoader.defineClass(ClassLoader.java:1010)
	at java.base/java.lang.ClassLoader.defineClass(ClassLoader.java:872)
	at net.fabricmc.loader.impl.game.minecraft.MinecraftGameProvider$1.loadClass(MinecraftGameProvider.java:277)
	at java.base/java.lang.ClassLoader.loadClass(ClassLoader.java:519)
	at java.base/java.lang.Class.forName0(Native Method)
	at java.base/java.lang.Class.forName(Class.java:466)
	at net.fabricmc.loader.impl.game.minecraft.MinecraftGameProvider.processBundlerJar(MinecraftGameProvider.java:297)
	... 11 more
[00:01:21] [ERROR] [FabricLoader/]: Uncaught exception in thread "main"
java.lang.RuntimeException: An exception occurred when launching the server!
	at net.fabricmc.loader.impl.launch.server.FabricServerLauncher.main(FabricServerLauncher.java:68)
	at net.fabricmc.installer.ServerLauncher.main(ServerLauncher.java:64)
Caused by: java.lang.reflect.InvocationTargetException
	at java.base/jdk.internal.reflect.NativeMethodAccessorImpl.invoke0(Native Method)
	at java.base/jdk.internal.reflect.NativeMethodAccessorImpl.invoke(NativeMethodAccessorImpl.java:78)
	at java.base/jdk.internal.reflect.DelegatingMethodAccessorImpl.invoke(DelegatingMethodAccessorImpl.java:43)
	at java.base/java.lang.reflect.Method.invoke(Method.java:567)
	at net.fabricmc.loader.impl.launch.server.FabricServerLauncher.main(FabricServerLauncher.java:66)
	... 1 more
Caused by: java.lang.RuntimeException: Error invoking MC server bundler: java.lang.UnsupportedClassVersionError: net/minecraft/bundler/Main has been compiled by a more recent version of the Java Runtime (class file version 61.0), this version of the Java Runtime only recognizes class file versions up to 60.0
	at net.fabricmc.loader.impl.game.minecraft.MinecraftGameProvider.processBundlerJar(MinecraftGameProvider.java:321)
	at net.fabricmc.loader.impl.game.minecraft.MinecraftGameProvider.locateGame(MinecraftGameProvider.java:206)
	at net.fabricmc.loader.impl.launch.knot.Knot.createGameProvider(Knot.java:172)
	at net.fabricmc.loader.impl.launch.knot.Knot.init(Knot.java:125)
	at net.fabricmc.loader.impl.launch.knot.Knot.launch(Knot.java:71)
	at net.fabricmc.loader.impl.launch.knot.KnotServer.main(KnotServer.java:23)
	... 6 more
Caused by: java.lang.UnsupportedClassVersionError: net/minecraft/bundler/Main has been compiled by a more recent version of the Java Runtime (class file version 61.0), this version of the Java Runtime only recognizes class file versions up to 60.0
	at java.base/java.lang.ClassLoader.defineClass1(Native Method)
	at java.base/java.lang.ClassLoader.defineClass(ClassLoader.java:1010)
	at java.base/java.lang.ClassLoader.defineClass(ClassLoader.java:872)
	at net.fabricmc.loader.impl.game.minecraft.MinecraftGameProvider$1.loadClass(MinecraftGameProvider.java:277)
	at java.base/java.lang.ClassLoader.loadClass(ClassLoader.java:519)
	at java.base/java.lang.Class.forName0(Native Method)
	at java.base/java.lang.Class.forName(Class.java:466)
	at net.fabricmc.loader.impl.game.minecraft.MinecraftGameProvider.processBundlerJar(MinecraftGameProvider.java:297)
	... 11 more
[00:03:11] [ERROR] [FabricLoader/]: Uncaught exception in thread "main"
java.lang.RuntimeException: An exception occurred when launching the server!
	at net.fabricmc.loader.impl.launch.server.FabricServerLauncher.main(FabricServerLauncher.java:68)
	at net.fabricmc.installer.ServerLauncher.main(ServerLauncher.java:64)
Caused by: java.lang.reflect.InvocationTargetException
	at java.base/jdk.internal.reflect.NativeMethodAccessorImpl.invoke0(Native Method)
	at java.base/jdk.internal.reflect.NativeMethodAccessorImpl.invoke(NativeMethodAccessorImpl.java:78)
	at java.base/jdk.internal.reflect.DelegatingMethodAccessorImpl.invoke(DelegatingMethodAccessorImpl.java:43)
	at java.base/java.lang.reflect.Method.invoke(Method.java:567)
	at net.fabricmc.loader.impl.launch.server.FabricServerLauncher.main(FabricServerLauncher.java:66)
	... 1 more
Caused by: java.lang.RuntimeException: Error invoking MC server bundler: java.lang.UnsupportedClassVersionError: net/minecraft/bundler/Main has been compiled by a more recent version of the Java Runtime (class file version 61.0), this version of the Java Runtime only recognizes class file versions up to 60.0
	at net.fabricmc.loader.impl.game.minecraft.MinecraftGameProvider.processBundlerJar(MinecraftGameProvider.java:321)
	at net.fabricmc.loader.impl.game.minecraft.MinecraftGameProvider.locateGame(MinecraftGameProvider.java:206)
	at net.fabricmc.loader.impl.launch.knot.Knot.createGameProvider(Knot.java:172)
	at net.fabricmc.loader.impl.launch.knot.Knot.init(Knot.java:125)
	at net.fabricmc.loader.impl.launch.knot.Knot.launch(Knot.java:71)
	at net.fabricmc.loader.impl.launch.knot.KnotServer.main(KnotServer.java:23)
	... 6 more
Caused by: java.lang.UnsupportedClassVersionError: net/minecraft/bundler/Main has been compiled by a more recent version of the Java Runtime (class file version 61.0), this version of the Java Runtime only recognizes class file versions up to 60.0
	at java.base/java.lang.ClassLoader.defineClass1(Native Method)
	at java.base/java.lang.ClassLoader.defineClass(ClassLoader.java:1010)
	at java.base/java.lang.ClassLoader.defineClass(ClassLoader.java:872)
	at net.fabricmc.loader.impl.game.minecraft.MinecraftGameProvider$1.loadClass(MinecraftGameProvider.java:277)
	at java.base/java.lang.ClassLoader.loadClass(ClassLoader.java:519)
	at java.base/java.lang.Class.forName0(Native Method)
	at java.base/java.lang.Class.forName(Class.java:466)
	at net.fabricmc.loader.impl.game.minecraft.MinecraftGameProvider.processBundlerJar(MinecraftGameProvider.java:297)
	... 11 more
